TEST I

Enter a series of positive integers (end with -1): 
50
40
30
10
20
-1
The heap is: 
[50, 40, 30, 10, 20]
The minimum key is:
10
Enter a key to be replaced:
40
Enter the new key: 
55
The new heap is: 
[55, 50, 30, 10, 20]

TEST II


Enter a series of positive integers (end with -1): 
1
2
3
4
5
6
7
8
9
10
-1
The heap is: 
[10, 9, 6, 7, 8, 2, 5, 1, 4, 3]
The minimum key is:
1
Enter a key to be replaced:
3
Enter the new key: 
5
The new heap is: 
[10, 9, 6, 7, 8, 2, 5, 1, 4, 5]

TEST III

Enter a series of positive integers (end with -1): 
1
2
3
4
5
6
-1
The heap is: 
[6, 4, 5, 1, 3, 2]
The minimum key is:
1
Enter a key to be replaced:
7
Enter the new key: 
8
Key 7 not Found